<?xml version="1.0" encoding="UTF-8"?>
<testng-results skipped="3" failed="1" ignored="0" total="20" passed="16">
  <reporter-output>
  </reporter-output>
  <suite name="com.tofuGearPortal.qa.testcases.ContactPageTest" duration-ms="7730" started-at="2018-02-12T01:50:58Z" finished-at="2018-02-12T01:51:06Z">
    <groups>
    </groups>
    <test name="Command line test 6f349e2f-501a-41c1-869c-528f9372f237" duration-ms="7730" started-at="2018-02-12T01:50:58Z" finished-at="2018-02-12T01:51:06Z">
      <class name="com.tofuGearPortal.qa.testcases.ContactPageTest">
        <test-method status="FAIL" signature="setup()[pri:0, instance:com.tofuGearPortal.qa.testcases.ContactPageTest@5056dfcb]" name="setup" is-config="true" duration-ms="7697" started-at="2018-02-12T09:50:58Z" finished-at="2018-02-12T09:51:06Z">
          <exception class="org.openqa.selenium.WebDriverException">
            <message>
              <![CDATA[unknown error: failed to change window state to maximized, current state is normal
  (Session info: chrome=64.0.3282.140)
  (Driver info: chromedriver=2.35.528157 (4429ca2590d6988c0745c24c8858745aaaec01ef),platform=Mac OS X 10.12.6 x86_64) (WARNING: The server did not provide any stacktrace information)
Command duration or timeout: 0 milliseconds
Build info: version: '3.7.1', revision: '8a0099a', time: '2017-11-06T21:01:39.354Z'
System info: host: 'Mariappans-MBP', ip: 'fe80:0:0:0:61:e927:5b09:a904%en0', os.name: 'Mac OS X', os.arch: 'x86_64', os.version: '10.12.6', java.version: '1.8.0_161'
Driver info: org.openqa.selenium.chrome.ChromeDriver
Capabilities {acceptInsecureCerts: false, acceptSslCerts: false, applicationCacheEnabled: false, browserConnectionEnabled: false, browserName: chrome, chrome: {chromedriverVersion: 2.35.528157 (4429ca2590d698..., userDataDir: /var/folders/xx/p17nk81d61j...}, cssSelectorsEnabled: true, databaseEnabled: false, handlesAlerts: true, hasTouchScreen: false, javascriptEnabled: true, locationContextEnabled: true, mobileEmulationEnabled: false, nativeEvents: true, networkConnectionEnabled: false, pageLoadStrategy: normal, platform: MAC, platformName: MAC, rotatable: false, setWindowRect: true, takesHeapSnapshot: true, takesScreenshot: true, unexpectedAlertBehaviour: , unhandledPromptBehavior: , version: 64.0.3282.140, webStorageEnabled: true}
Session ID: d1556b288ef33b573b431dbfc6c73248]]>
            </message>
            <full-stacktrace>
              <![CDATA[org.openqa.selenium.WebDriverException: unknown error: failed to change window state to maximized, current state is normal
  (Session info: chrome=64.0.3282.140)
  (Driver info: chromedriver=2.35.528157 (4429ca2590d6988c0745c24c8858745aaaec01ef),platform=Mac OS X 10.12.6 x86_64) (WARNING: The server did not provide any stacktrace information)
Command duration or timeout: 0 milliseconds
Build info: version: '3.7.1', revision: '8a0099a', time: '2017-11-06T21:01:39.354Z'
System info: host: 'Mariappans-MBP', ip: 'fe80:0:0:0:61:e927:5b09:a904%en0', os.name: 'Mac OS X', os.arch: 'x86_64', os.version: '10.12.6', java.version: '1.8.0_161'
Driver info: org.openqa.selenium.chrome.ChromeDriver
Capabilities {acceptInsecureCerts: false, acceptSslCerts: false, applicationCacheEnabled: false, browserConnectionEnabled: false, browserName: chrome, chrome: {chromedriverVersion: 2.35.528157 (4429ca2590d698..., userDataDir: /var/folders/xx/p17nk81d61j...}, cssSelectorsEnabled: true, databaseEnabled: false, handlesAlerts: true, hasTouchScreen: false, javascriptEnabled: true, locationContextEnabled: true, mobileEmulationEnabled: false, nativeEvents: true, networkConnectionEnabled: false, pageLoadStrategy: normal, platform: MAC, platformName: MAC, rotatable: false, setWindowRect: true, takesHeapSnapshot: true, takesScreenshot: true, unexpectedAlertBehaviour: , unhandledPromptBehavior: , version: 64.0.3282.140, webStorageEnabled: true}
Session ID: d1556b288ef33b573b431dbfc6c73248
	at sun.reflect.NativeConstructorAccessorImpl.newInstance0(Native Method)
	at sun.reflect.NativeConstructorAccessorImpl.newInstance(NativeConstructorAccessorImpl.java:62)
	at sun.reflect.DelegatingConstructorAccessorImpl.newInstance(DelegatingConstructorAccessorImpl.java:45)
	at java.lang.reflect.Constructor.newInstance(Constructor.java:423)
	at org.openqa.selenium.remote.ErrorHandler.createThrowable(ErrorHandler.java:214)
	at org.openqa.selenium.remote.ErrorHandler.throwIfResponseFailed(ErrorHandler.java:166)
	at org.openqa.selenium.remote.http.JsonHttpResponseCodec.reconstructValue(JsonHttpResponseCodec.java:40)
	at org.openqa.selenium.remote.http.AbstractHttpResponseCodec.decode(AbstractHttpResponseCodec.java:80)
	at org.openqa.selenium.remote.http.AbstractHttpResponseCodec.decode(AbstractHttpResponseCodec.java:44)
	at org.openqa.selenium.remote.HttpCommandExecutor.execute(HttpCommandExecutor.java:164)
	at org.openqa.selenium.remote.service.DriverCommandExecutor.execute(DriverCommandExecutor.java:83)
	at org.openqa.selenium.remote.RemoteWebDriver.execute(RemoteWebDriver.java:600)
	at org.openqa.selenium.remote.RemoteWebDriver.execute(RemoteWebDriver.java:657)
	at org.openqa.selenium.remote.RemoteWebDriver$RemoteWebDriverOptions$RemoteWindow.maximize(RemoteWebDriver.java:891)
	at org.openqa.selenium.support.events.EventFiringWebDriver$EventFiringWindow.maximize(EventFiringWebDriver.java:685)
	at com.tofuGear.qa.base.TestBase.initialization(TestBase.java:54)
	at com.tofuGearPortal.qa.testcases.ContactPageTest.setup(ContactPageTest.java:25)
	at sun.reflect.NativeMethodAccessorImpl.invoke0(Native Method)
	at sun.reflect.NativeMethodAccessorImpl.invoke(NativeMethodAccessorImpl.java:62)
	at sun.reflect.DelegatingMethodAccessorImpl.invoke(DelegatingMethodAccessorImpl.java:43)
	at java.lang.reflect.Method.invoke(Method.java:498)
	at org.testng.internal.MethodInvocationHelper.invokeMethod(MethodInvocationHelper.java:108)
	at org.testng.internal.Invoker.invokeConfigurationMethod(Invoker.java:523)
	at org.testng.internal.Invoker.invokeConfigurations(Invoker.java:224)
	at org.testng.internal.Invoker.invokeMethod(Invoker.java:599)
	at org.testng.internal.Invoker.invokeTestMethod(Invoker.java:869)
	at org.testng.internal.Invoker.invokeTestMethods(Invoker.java:1193)
	at org.testng.internal.TestMethodWorker.invokeTestMethods(TestMethodWorker.java:126)
	at org.testng.internal.TestMethodWorker.run(TestMethodWorker.java:109)
	at org.testng.TestRunner.privateRun(TestRunner.java:744)
	at org.testng.TestRunner.run(TestRunner.java:602)
	at org.testng.SuiteRunner.runTest(SuiteRunner.java:380)
	at org.testng.SuiteRunner.runSequentially(SuiteRunner.java:375)
	at org.testng.SuiteRunner.privateRun(SuiteRunner.java:340)
	at org.testng.SuiteRunner.run(SuiteRunner.java:289)
	at org.testng.SuiteRunnerWorker.runSuite(SuiteRunnerWorker.java:52)
	at org.testng.SuiteRunnerWorker.run(SuiteRunnerWorker.java:86)
	at org.testng.TestNG.runSuitesSequentially(TestNG.java:1301)
	at org.testng.TestNG.runSuitesLocally(TestNG.java:1226)
	at org.testng.TestNG.runSuites(TestNG.java:1144)
	at org.testng.TestNG.run(TestNG.java:1115)
	at org.apache.maven.surefire.testng.TestNGExecutor.run(TestNGExecutor.java:91)
	at org.apache.maven.surefire.testng.TestNGDirectoryTestSuite.executeMulti(TestNGDirectoryTestSuite.java:204)
	at org.apache.maven.surefire.testng.TestNGDirectoryTestSuite.execute(TestNGDirectoryTestSuite.java:107)
	at org.apache.maven.surefire.testng.TestNGProvider.invoke(TestNGProvider.java:113)
	at org.apache.maven.surefire.booter.ForkedBooter.invokeProviderInSameClassLoader(ForkedBooter.java:200)
	at org.apache.maven.surefire.booter.ForkedBooter.runSuitesInProcess(ForkedBooter.java:153)
	at org.apache.maven.surefire.booter.ForkedBooter.main(ForkedBooter.java:103)
]]>
            </full-stacktrace>
          </exception> <!-- org.openqa.selenium.WebDriverException -->
          <reporter-output>
          </reporter-output>
        </test-method> <!-- setup -->
        <test-method status="SKIP" signature="FirstnameTest()[pri:1, instance:com.tofuGearPortal.qa.testcases.ContactPageTest@5056dfcb]" name="FirstnameTest" duration-ms="0" started-at="2018-02-12T09:51:06Z" finished-at="2018-02-12T09:51:06Z">
          <exception class="org.openqa.selenium.WebDriverException">
            <message>
              <![CDATA[unknown error: failed to change window state to maximized, current state is normal
  (Session info: chrome=64.0.3282.140)
  (Driver info: chromedriver=2.35.528157 (4429ca2590d6988c0745c24c8858745aaaec01ef),platform=Mac OS X 10.12.6 x86_64) (WARNING: The server did not provide any stacktrace information)
Command duration or timeout: 0 milliseconds
Build info: version: '3.7.1', revision: '8a0099a', time: '2017-11-06T21:01:39.354Z'
System info: host: 'Mariappans-MBP', ip: 'fe80:0:0:0:61:e927:5b09:a904%en0', os.name: 'Mac OS X', os.arch: 'x86_64', os.version: '10.12.6', java.version: '1.8.0_161'
Driver info: org.openqa.selenium.chrome.ChromeDriver
Capabilities {acceptInsecureCerts: false, acceptSslCerts: false, applicationCacheEnabled: false, browserConnectionEnabled: false, browserName: chrome, chrome: {chromedriverVersion: 2.35.528157 (4429ca2590d698..., userDataDir: /var/folders/xx/p17nk81d61j...}, cssSelectorsEnabled: true, databaseEnabled: false, handlesAlerts: true, hasTouchScreen: false, javascriptEnabled: true, locationContextEnabled: true, mobileEmulationEnabled: false, nativeEvents: true, networkConnectionEnabled: false, pageLoadStrategy: normal, platform: MAC, platformName: MAC, rotatable: false, setWindowRect: true, takesHeapSnapshot: true, takesScreenshot: true, unexpectedAlertBehaviour: , unhandledPromptBehavior: , version: 64.0.3282.140, webStorageEnabled: true}
Session ID: d1556b288ef33b573b431dbfc6c73248]]>
            </message>
            <full-stacktrace>
              <![CDATA[org.openqa.selenium.WebDriverException: unknown error: failed to change window state to maximized, current state is normal
  (Session info: chrome=64.0.3282.140)
  (Driver info: chromedriver=2.35.528157 (4429ca2590d6988c0745c24c8858745aaaec01ef),platform=Mac OS X 10.12.6 x86_64) (WARNING: The server did not provide any stacktrace information)
Command duration or timeout: 0 milliseconds
Build info: version: '3.7.1', revision: '8a0099a', time: '2017-11-06T21:01:39.354Z'
System info: host: 'Mariappans-MBP', ip: 'fe80:0:0:0:61:e927:5b09:a904%en0', os.name: 'Mac OS X', os.arch: 'x86_64', os.version: '10.12.6', java.version: '1.8.0_161'
Driver info: org.openqa.selenium.chrome.ChromeDriver
Capabilities {acceptInsecureCerts: false, acceptSslCerts: false, applicationCacheEnabled: false, browserConnectionEnabled: false, browserName: chrome, chrome: {chromedriverVersion: 2.35.528157 (4429ca2590d698..., userDataDir: /var/folders/xx/p17nk81d61j...}, cssSelectorsEnabled: true, databaseEnabled: false, handlesAlerts: true, hasTouchScreen: false, javascriptEnabled: true, locationContextEnabled: true, mobileEmulationEnabled: false, nativeEvents: true, networkConnectionEnabled: false, pageLoadStrategy: normal, platform: MAC, platformName: MAC, rotatable: false, setWindowRect: true, takesHeapSnapshot: true, takesScreenshot: true, unexpectedAlertBehaviour: , unhandledPromptBehavior: , version: 64.0.3282.140, webStorageEnabled: true}
Session ID: d1556b288ef33b573b431dbfc6c73248
	at sun.reflect.NativeConstructorAccessorImpl.newInstance0(Native Method)
	at sun.reflect.NativeConstructorAccessorImpl.newInstance(NativeConstructorAccessorImpl.java:62)
	at sun.reflect.DelegatingConstructorAccessorImpl.newInstance(DelegatingConstructorAccessorImpl.java:45)
	at java.lang.reflect.Constructor.newInstance(Constructor.java:423)
	at org.openqa.selenium.remote.ErrorHandler.createThrowable(ErrorHandler.java:214)
	at org.openqa.selenium.remote.ErrorHandler.throwIfResponseFailed(ErrorHandler.java:166)
	at org.openqa.selenium.remote.http.JsonHttpResponseCodec.reconstructValue(JsonHttpResponseCodec.java:40)
	at org.openqa.selenium.remote.http.AbstractHttpResponseCodec.decode(AbstractHttpResponseCodec.java:80)
	at org.openqa.selenium.remote.http.AbstractHttpResponseCodec.decode(AbstractHttpResponseCodec.java:44)
	at org.openqa.selenium.remote.HttpCommandExecutor.execute(HttpCommandExecutor.java:164)
	at org.openqa.selenium.remote.service.DriverCommandExecutor.execute(DriverCommandExecutor.java:83)
	at org.openqa.selenium.remote.RemoteWebDriver.execute(RemoteWebDriver.java:600)
	at org.openqa.selenium.remote.RemoteWebDriver.execute(RemoteWebDriver.java:657)
	at org.openqa.selenium.remote.RemoteWebDriver$RemoteWebDriverOptions$RemoteWindow.maximize(RemoteWebDriver.java:891)
	at org.openqa.selenium.support.events.EventFiringWebDriver$EventFiringWindow.maximize(EventFiringWebDriver.java:685)
	at com.tofuGear.qa.base.TestBase.initialization(TestBase.java:54)
	at com.tofuGearPortal.qa.testcases.ContactPageTest.setup(ContactPageTest.java:25)
	at sun.reflect.NativeMethodAccessorImpl.invoke0(Native Method)
	at sun.reflect.NativeMethodAccessorImpl.invoke(NativeMethodAccessorImpl.java:62)
	at sun.reflect.DelegatingMethodAccessorImpl.invoke(DelegatingMethodAccessorImpl.java:43)
	at java.lang.reflect.Method.invoke(Method.java:498)
	at org.testng.internal.MethodInvocationHelper.invokeMethod(MethodInvocationHelper.java:108)
	at org.testng.internal.Invoker.invokeConfigurationMethod(Invoker.java:523)
	at org.testng.internal.Invoker.invokeConfigurations(Invoker.java:224)
	at org.testng.internal.Invoker.invokeMethod(Invoker.java:599)
	at org.testng.internal.Invoker.invokeTestMethod(Invoker.java:869)
	at org.testng.internal.Invoker.invokeTestMethods(Invoker.java:1193)
	at org.testng.internal.TestMethodWorker.invokeTestMethods(TestMethodWorker.java:126)
	at org.testng.internal.TestMethodWorker.run(TestMethodWorker.java:109)
	at org.testng.TestRunner.privateRun(TestRunner.java:744)
	at org.testng.TestRunner.run(TestRunner.java:602)
	at org.testng.SuiteRunner.runTest(SuiteRunner.java:380)
	at org.testng.SuiteRunner.runSequentially(SuiteRunner.java:375)
	at org.testng.SuiteRunner.privateRun(SuiteRunner.java:340)
	at org.testng.SuiteRunner.run(SuiteRunner.java:289)
	at org.testng.SuiteRunnerWorker.runSuite(SuiteRunnerWorker.java:52)
	at org.testng.SuiteRunnerWorker.run(SuiteRunnerWorker.java:86)
	at org.testng.TestNG.runSuitesSequentially(TestNG.java:1301)
	at org.testng.TestNG.runSuitesLocally(TestNG.java:1226)
	at org.testng.TestNG.runSuites(TestNG.java:1144)
	at org.testng.TestNG.run(TestNG.java:1115)
	at org.apache.maven.surefire.testng.TestNGExecutor.run(TestNGExecutor.java:91)
	at org.apache.maven.surefire.testng.TestNGDirectoryTestSuite.executeMulti(TestNGDirectoryTestSuite.java:204)
	at org.apache.maven.surefire.testng.TestNGDirectoryTestSuite.execute(TestNGDirectoryTestSuite.java:107)
	at org.apache.maven.surefire.testng.TestNGProvider.invoke(TestNGProvider.java:113)
	at org.apache.maven.surefire.booter.ForkedBooter.invokeProviderInSameClassLoader(ForkedBooter.java:200)
	at org.apache.maven.surefire.booter.ForkedBooter.runSuitesInProcess(ForkedBooter.java:153)
	at org.apache.maven.surefire.booter.ForkedBooter.main(ForkedBooter.java:103)
]]>
            </full-stacktrace>
          </exception> <!-- org.openqa.selenium.WebDriverException -->
          <reporter-output>
          </reporter-output>
        </test-method> <!-- FirstnameTest -->
        <test-method status="SKIP" signature="submitenableTest()[pri:3, instance:com.tofuGearPortal.qa.testcases.ContactPageTest@5056dfcb]" name="submitenableTest" duration-ms="0" started-at="2018-02-12T09:51:06Z" finished-at="2018-02-12T09:51:06Z">
          <exception class="org.openqa.selenium.WebDriverException">
            <message>
              <![CDATA[unknown error: failed to change window state to maximized, current state is normal
  (Session info: chrome=64.0.3282.140)
  (Driver info: chromedriver=2.35.528157 (4429ca2590d6988c0745c24c8858745aaaec01ef),platform=Mac OS X 10.12.6 x86_64) (WARNING: The server did not provide any stacktrace information)
Command duration or timeout: 0 milliseconds
Build info: version: '3.7.1', revision: '8a0099a', time: '2017-11-06T21:01:39.354Z'
System info: host: 'Mariappans-MBP', ip: 'fe80:0:0:0:61:e927:5b09:a904%en0', os.name: 'Mac OS X', os.arch: 'x86_64', os.version: '10.12.6', java.version: '1.8.0_161'
Driver info: org.openqa.selenium.chrome.ChromeDriver
Capabilities {acceptInsecureCerts: false, acceptSslCerts: false, applicationCacheEnabled: false, browserConnectionEnabled: false, browserName: chrome, chrome: {chromedriverVersion: 2.35.528157 (4429ca2590d698..., userDataDir: /var/folders/xx/p17nk81d61j...}, cssSelectorsEnabled: true, databaseEnabled: false, handlesAlerts: true, hasTouchScreen: false, javascriptEnabled: true, locationContextEnabled: true, mobileEmulationEnabled: false, nativeEvents: true, networkConnectionEnabled: false, pageLoadStrategy: normal, platform: MAC, platformName: MAC, rotatable: false, setWindowRect: true, takesHeapSnapshot: true, takesScreenshot: true, unexpectedAlertBehaviour: , unhandledPromptBehavior: , version: 64.0.3282.140, webStorageEnabled: true}
Session ID: d1556b288ef33b573b431dbfc6c73248]]>
            </message>
            <full-stacktrace>
              <![CDATA[org.openqa.selenium.WebDriverException: unknown error: failed to change window state to maximized, current state is normal
  (Session info: chrome=64.0.3282.140)
  (Driver info: chromedriver=2.35.528157 (4429ca2590d6988c0745c24c8858745aaaec01ef),platform=Mac OS X 10.12.6 x86_64) (WARNING: The server did not provide any stacktrace information)
Command duration or timeout: 0 milliseconds
Build info: version: '3.7.1', revision: '8a0099a', time: '2017-11-06T21:01:39.354Z'
System info: host: 'Mariappans-MBP', ip: 'fe80:0:0:0:61:e927:5b09:a904%en0', os.name: 'Mac OS X', os.arch: 'x86_64', os.version: '10.12.6', java.version: '1.8.0_161'
Driver info: org.openqa.selenium.chrome.ChromeDriver
Capabilities {acceptInsecureCerts: false, acceptSslCerts: false, applicationCacheEnabled: false, browserConnectionEnabled: false, browserName: chrome, chrome: {chromedriverVersion: 2.35.528157 (4429ca2590d698..., userDataDir: /var/folders/xx/p17nk81d61j...}, cssSelectorsEnabled: true, databaseEnabled: false, handlesAlerts: true, hasTouchScreen: false, javascriptEnabled: true, locationContextEnabled: true, mobileEmulationEnabled: false, nativeEvents: true, networkConnectionEnabled: false, pageLoadStrategy: normal, platform: MAC, platformName: MAC, rotatable: false, setWindowRect: true, takesHeapSnapshot: true, takesScreenshot: true, unexpectedAlertBehaviour: , unhandledPromptBehavior: , version: 64.0.3282.140, webStorageEnabled: true}
Session ID: d1556b288ef33b573b431dbfc6c73248
	at sun.reflect.NativeConstructorAccessorImpl.newInstance0(Native Method)
	at sun.reflect.NativeConstructorAccessorImpl.newInstance(NativeConstructorAccessorImpl.java:62)
	at sun.reflect.DelegatingConstructorAccessorImpl.newInstance(DelegatingConstructorAccessorImpl.java:45)
	at java.lang.reflect.Constructor.newInstance(Constructor.java:423)
	at org.openqa.selenium.remote.ErrorHandler.createThrowable(ErrorHandler.java:214)
	at org.openqa.selenium.remote.ErrorHandler.throwIfResponseFailed(ErrorHandler.java:166)
	at org.openqa.selenium.remote.http.JsonHttpResponseCodec.reconstructValue(JsonHttpResponseCodec.java:40)
	at org.openqa.selenium.remote.http.AbstractHttpResponseCodec.decode(AbstractHttpResponseCodec.java:80)
	at org.openqa.selenium.remote.http.AbstractHttpResponseCodec.decode(AbstractHttpResponseCodec.java:44)
	at org.openqa.selenium.remote.HttpCommandExecutor.execute(HttpCommandExecutor.java:164)
	at org.openqa.selenium.remote.service.DriverCommandExecutor.execute(DriverCommandExecutor.java:83)
	at org.openqa.selenium.remote.RemoteWebDriver.execute(RemoteWebDriver.java:600)
	at org.openqa.selenium.remote.RemoteWebDriver.execute(RemoteWebDriver.java:657)
	at org.openqa.selenium.remote.RemoteWebDriver$RemoteWebDriverOptions$RemoteWindow.maximize(RemoteWebDriver.java:891)
	at org.openqa.selenium.support.events.EventFiringWebDriver$EventFiringWindow.maximize(EventFiringWebDriver.java:685)
	at com.tofuGear.qa.base.TestBase.initialization(TestBase.java:54)
	at com.tofuGearPortal.qa.testcases.ContactPageTest.setup(ContactPageTest.java:25)
	at sun.reflect.NativeMethodAccessorImpl.invoke0(Native Method)
	at sun.reflect.NativeMethodAccessorImpl.invoke(NativeMethodAccessorImpl.java:62)
	at sun.reflect.DelegatingMethodAccessorImpl.invoke(DelegatingMethodAccessorImpl.java:43)
	at java.lang.reflect.Method.invoke(Method.java:498)
	at org.testng.internal.MethodInvocationHelper.invokeMethod(MethodInvocationHelper.java:108)
	at org.testng.internal.Invoker.invokeConfigurationMethod(Invoker.java:523)
	at org.testng.internal.Invoker.invokeConfigurations(Invoker.java:224)
	at org.testng.internal.Invoker.invokeMethod(Invoker.java:599)
	at org.testng.internal.Invoker.invokeTestMethod(Invoker.java:869)
	at org.testng.internal.Invoker.invokeTestMethods(Invoker.java:1193)
	at org.testng.internal.TestMethodWorker.invokeTestMethods(TestMethodWorker.java:126)
	at org.testng.internal.TestMethodWorker.run(TestMethodWorker.java:109)
	at org.testng.TestRunner.privateRun(TestRunner.java:744)
	at org.testng.TestRunner.run(TestRunner.java:602)
	at org.testng.SuiteRunner.runTest(SuiteRunner.java:380)
	at org.testng.SuiteRunner.runSequentially(SuiteRunner.java:375)
	at org.testng.SuiteRunner.privateRun(SuiteRunner.java:340)
	at org.testng.SuiteRunner.run(SuiteRunner.java:289)
	at org.testng.SuiteRunnerWorker.runSuite(SuiteRunnerWorker.java:52)
	at org.testng.SuiteRunnerWorker.run(SuiteRunnerWorker.java:86)
	at org.testng.TestNG.runSuitesSequentially(TestNG.java:1301)
	at org.testng.TestNG.runSuitesLocally(TestNG.java:1226)
	at org.testng.TestNG.runSuites(TestNG.java:1144)
	at org.testng.TestNG.run(TestNG.java:1115)
	at org.apache.maven.surefire.testng.TestNGExecutor.run(TestNGExecutor.java:91)
	at org.apache.maven.surefire.testng.TestNGDirectoryTestSuite.executeMulti(TestNGDirectoryTestSuite.java:204)
	at org.apache.maven.surefire.testng.TestNGDirectoryTestSuite.execute(TestNGDirectoryTestSuite.java:107)
	at org.apache.maven.surefire.testng.TestNGProvider.invoke(TestNGProvider.java:113)
	at org.apache.maven.surefire.booter.ForkedBooter.invokeProviderInSameClassLoader(ForkedBooter.java:200)
	at org.apache.maven.surefire.booter.ForkedBooter.runSuitesInProcess(ForkedBooter.java:153)
	at org.apache.maven.surefire.booter.ForkedBooter.main(ForkedBooter.java:103)
]]>
            </full-stacktrace>
          </exception> <!-- org.openqa.selenium.WebDriverException -->
          <reporter-output>
          </reporter-output>
        </test-method> <!-- submitenableTest -->
        <test-method status="SKIP" signature="setup()[pri:0, instance:com.tofuGearPortal.qa.testcases.ContactPageTest@5056dfcb]" name="setup" is-config="true" duration-ms="0" started-at="2018-02-12T09:51:06Z" finished-at="2018-02-12T09:51:06Z">
          <reporter-output>
          </reporter-output>
        </test-method> <!-- setup -->
        <test-method status="SKIP" signature="setup()[pri:0, instance:com.tofuGearPortal.qa.testcases.ContactPageTest@5056dfcb]" name="setup" is-config="true" duration-ms="0" started-at="2018-02-12T09:51:06Z" finished-at="2018-02-12T09:51:06Z">
          <reporter-output>
          </reporter-output>
        </test-method> <!-- setup -->
        <test-method status="SKIP" signature="EmailTest()[pri:2, instance:com.tofuGearPortal.qa.testcases.ContactPageTest@5056dfcb]" name="EmailTest" duration-ms="0" started-at="2018-02-12T09:51:06Z" finished-at="2018-02-12T09:51:06Z">
          <exception class="org.openqa.selenium.WebDriverException">
            <message>
              <![CDATA[unknown error: failed to change window state to maximized, current state is normal
  (Session info: chrome=64.0.3282.140)
  (Driver info: chromedriver=2.35.528157 (4429ca2590d6988c0745c24c8858745aaaec01ef),platform=Mac OS X 10.12.6 x86_64) (WARNING: The server did not provide any stacktrace information)
Command duration or timeout: 0 milliseconds
Build info: version: '3.7.1', revision: '8a0099a', time: '2017-11-06T21:01:39.354Z'
System info: host: 'Mariappans-MBP', ip: 'fe80:0:0:0:61:e927:5b09:a904%en0', os.name: 'Mac OS X', os.arch: 'x86_64', os.version: '10.12.6', java.version: '1.8.0_161'
Driver info: org.openqa.selenium.chrome.ChromeDriver
Capabilities {acceptInsecureCerts: false, acceptSslCerts: false, applicationCacheEnabled: false, browserConnectionEnabled: false, browserName: chrome, chrome: {chromedriverVersion: 2.35.528157 (4429ca2590d698..., userDataDir: /var/folders/xx/p17nk81d61j...}, cssSelectorsEnabled: true, databaseEnabled: false, handlesAlerts: true, hasTouchScreen: false, javascriptEnabled: true, locationContextEnabled: true, mobileEmulationEnabled: false, nativeEvents: true, networkConnectionEnabled: false, pageLoadStrategy: normal, platform: MAC, platformName: MAC, rotatable: false, setWindowRect: true, takesHeapSnapshot: true, takesScreenshot: true, unexpectedAlertBehaviour: , unhandledPromptBehavior: , version: 64.0.3282.140, webStorageEnabled: true}
Session ID: d1556b288ef33b573b431dbfc6c73248]]>
            </message>
            <full-stacktrace>
              <![CDATA[org.openqa.selenium.WebDriverException: unknown error: failed to change window state to maximized, current state is normal
  (Session info: chrome=64.0.3282.140)
  (Driver info: chromedriver=2.35.528157 (4429ca2590d6988c0745c24c8858745aaaec01ef),platform=Mac OS X 10.12.6 x86_64) (WARNING: The server did not provide any stacktrace information)
Command duration or timeout: 0 milliseconds
Build info: version: '3.7.1', revision: '8a0099a', time: '2017-11-06T21:01:39.354Z'
System info: host: 'Mariappans-MBP', ip: 'fe80:0:0:0:61:e927:5b09:a904%en0', os.name: 'Mac OS X', os.arch: 'x86_64', os.version: '10.12.6', java.version: '1.8.0_161'
Driver info: org.openqa.selenium.chrome.ChromeDriver
Capabilities {acceptInsecureCerts: false, acceptSslCerts: false, applicationCacheEnabled: false, browserConnectionEnabled: false, browserName: chrome, chrome: {chromedriverVersion: 2.35.528157 (4429ca2590d698..., userDataDir: /var/folders/xx/p17nk81d61j...}, cssSelectorsEnabled: true, databaseEnabled: false, handlesAlerts: true, hasTouchScreen: false, javascriptEnabled: true, locationContextEnabled: true, mobileEmulationEnabled: false, nativeEvents: true, networkConnectionEnabled: false, pageLoadStrategy: normal, platform: MAC, platformName: MAC, rotatable: false, setWindowRect: true, takesHeapSnapshot: true, takesScreenshot: true, unexpectedAlertBehaviour: , unhandledPromptBehavior: , version: 64.0.3282.140, webStorageEnabled: true}
Session ID: d1556b288ef33b573b431dbfc6c73248
	at sun.reflect.NativeConstructorAccessorImpl.newInstance0(Native Method)
	at sun.reflect.NativeConstructorAccessorImpl.newInstance(NativeConstructorAccessorImpl.java:62)
	at sun.reflect.DelegatingConstructorAccessorImpl.newInstance(DelegatingConstructorAccessorImpl.java:45)
	at java.lang.reflect.Constructor.newInstance(Constructor.java:423)
	at org.openqa.selenium.remote.ErrorHandler.createThrowable(ErrorHandler.java:214)
	at org.openqa.selenium.remote.ErrorHandler.throwIfResponseFailed(ErrorHandler.java:166)
	at org.openqa.selenium.remote.http.JsonHttpResponseCodec.reconstructValue(JsonHttpResponseCodec.java:40)
	at org.openqa.selenium.remote.http.AbstractHttpResponseCodec.decode(AbstractHttpResponseCodec.java:80)
	at org.openqa.selenium.remote.http.AbstractHttpResponseCodec.decode(AbstractHttpResponseCodec.java:44)
	at org.openqa.selenium.remote.HttpCommandExecutor.execute(HttpCommandExecutor.java:164)
	at org.openqa.selenium.remote.service.DriverCommandExecutor.execute(DriverCommandExecutor.java:83)
	at org.openqa.selenium.remote.RemoteWebDriver.execute(RemoteWebDriver.java:600)
	at org.openqa.selenium.remote.RemoteWebDriver.execute(RemoteWebDriver.java:657)
	at org.openqa.selenium.remote.RemoteWebDriver$RemoteWebDriverOptions$RemoteWindow.maximize(RemoteWebDriver.java:891)
	at org.openqa.selenium.support.events.EventFiringWebDriver$EventFiringWindow.maximize(EventFiringWebDriver.java:685)
	at com.tofuGear.qa.base.TestBase.initialization(TestBase.java:54)
	at com.tofuGearPortal.qa.testcases.ContactPageTest.setup(ContactPageTest.java:25)
	at sun.reflect.NativeMethodAccessorImpl.invoke0(Native Method)
	at sun.reflect.NativeMethodAccessorImpl.invoke(NativeMethodAccessorImpl.java:62)
	at sun.reflect.DelegatingMethodAccessorImpl.invoke(DelegatingMethodAccessorImpl.java:43)
	at java.lang.reflect.Method.invoke(Method.java:498)
	at org.testng.internal.MethodInvocationHelper.invokeMethod(MethodInvocationHelper.java:108)
	at org.testng.internal.Invoker.invokeConfigurationMethod(Invoker.java:523)
	at org.testng.internal.Invoker.invokeConfigurations(Invoker.java:224)
	at org.testng.internal.Invoker.invokeMethod(Invoker.java:599)
	at org.testng.internal.Invoker.invokeTestMethod(Invoker.java:869)
	at org.testng.internal.Invoker.invokeTestMethods(Invoker.java:1193)
	at org.testng.internal.TestMethodWorker.invokeTestMethods(TestMethodWorker.java:126)
	at org.testng.internal.TestMethodWorker.run(TestMethodWorker.java:109)
	at org.testng.TestRunner.privateRun(TestRunner.java:744)
	at org.testng.TestRunner.run(TestRunner.java:602)
	at org.testng.SuiteRunner.runTest(SuiteRunner.java:380)
	at org.testng.SuiteRunner.runSequentially(SuiteRunner.java:375)
	at org.testng.SuiteRunner.privateRun(SuiteRunner.java:340)
	at org.testng.SuiteRunner.run(SuiteRunner.java:289)
	at org.testng.SuiteRunnerWorker.runSuite(SuiteRunnerWorker.java:52)
	at org.testng.SuiteRunnerWorker.run(SuiteRunnerWorker.java:86)
	at org.testng.TestNG.runSuitesSequentially(TestNG.java:1301)
	at org.testng.TestNG.runSuitesLocally(TestNG.java:1226)
	at org.testng.TestNG.runSuites(TestNG.java:1144)
	at org.testng.TestNG.run(TestNG.java:1115)
	at org.apache.maven.surefire.testng.TestNGExecutor.run(TestNGExecutor.java:91)
	at org.apache.maven.surefire.testng.TestNGDirectoryTestSuite.executeMulti(TestNGDirectoryTestSuite.java:204)
	at org.apache.maven.surefire.testng.TestNGDirectoryTestSuite.execute(TestNGDirectoryTestSuite.java:107)
	at org.apache.maven.surefire.testng.TestNGProvider.invoke(TestNGProvider.java:113)
	at org.apache.maven.surefire.booter.ForkedBooter.invokeProviderInSameClassLoader(ForkedBooter.java:200)
	at org.apache.maven.surefire.booter.ForkedBooter.runSuitesInProcess(ForkedBooter.java:153)
	at org.apache.maven.surefire.booter.ForkedBooter.main(ForkedBooter.java:103)
]]>
            </full-stacktrace>
          </exception> <!-- org.openqa.selenium.WebDriverException -->
          <reporter-output>
          </reporter-output>
        </test-method> <!-- EmailTest -->
      </class> <!-- com.tofuGearPortal.qa.testcases.ContactPageTest -->
    </test> <!-- Command line test 6f349e2f-501a-41c1-869c-528f9372f237 -->
  </suite> <!-- com.tofuGearPortal.qa.testcases.ContactPageTest -->
  <suite name="com.tofuGearPortal.qa.testcases.PlatformPageTest" duration-ms="13588" started-at="2018-02-12T01:53:08Z" finished-at="2018-02-12T01:53:22Z">
    <groups>
    </groups>
    <test name="Command line test 6c5b618f-2254-4067-891c-b7cd81a67b2e" duration-ms="13588" started-at="2018-02-12T01:53:08Z" finished-at="2018-02-12T01:53:22Z">
      <class name="com.tofuGearPortal.qa.testcases.PlatformPageTest">
        <test-method status="PASS" signature="setup()[pri:0, instance:com.tofuGearPortal.qa.testcases.PlatformPageTest@7f9a81e8]" name="setup" is-config="true" duration-ms="6535" started-at="2018-02-12T09:53:08Z" finished-at="2018-02-12T09:53:15Z">
          <reporter-output>
          </reporter-output>
        </test-method> <!-- setup -->
        <test-method status="FAIL" signature="PlatformPagestartingTest()[pri:1, instance:com.tofuGearPortal.qa.testcases.PlatformPageTest@7f9a81e8]" name="PlatformPagestartingTest" duration-ms="73" started-at="2018-02-12T09:53:15Z" finished-at="2018-02-12T09:53:15Z">
          <exception class="java.lang.AssertionError">
            <message>
              <![CDATA[The following asserts failed:
	Mismatch in the page title expected [plat] but found [Platform | Tofugear]]]>
            </message>
            <full-stacktrace>
              <![CDATA[java.lang.AssertionError: The following asserts failed:
	Mismatch in the page title expected [plat] but found [Platform | Tofugear]
	at org.testng.asserts.SoftAssert.assertAll(SoftAssert.java:43)
	at com.tofuGearPortal.qa.testcases.PlatformPageTest.PlatformPagestartingTest(PlatformPageTest.java:40)
	at sun.reflect.NativeMethodAccessorImpl.invoke0(Native Method)
	at sun.reflect.NativeMethodAccessorImpl.invoke(NativeMethodAccessorImpl.java:62)
	at sun.reflect.DelegatingMethodAccessorImpl.invoke(DelegatingMethodAccessorImpl.java:43)
	at java.lang.reflect.Method.invoke(Method.java:498)
	at org.testng.internal.MethodInvocationHelper.invokeMethod(MethodInvocationHelper.java:108)
	at org.testng.internal.Invoker.invokeMethod(Invoker.java:661)
	at org.testng.internal.Invoker.invokeTestMethod(Invoker.java:869)
	at org.testng.internal.Invoker.invokeTestMethods(Invoker.java:1193)
	at org.testng.internal.TestMethodWorker.invokeTestMethods(TestMethodWorker.java:126)
	at org.testng.internal.TestMethodWorker.run(TestMethodWorker.java:109)
	at org.testng.TestRunner.privateRun(TestRunner.java:744)
	at org.testng.TestRunner.run(TestRunner.java:602)
	at org.testng.SuiteRunner.runTest(SuiteRunner.java:380)
	at org.testng.SuiteRunner.runSequentially(SuiteRunner.java:375)
	at org.testng.SuiteRunner.privateRun(SuiteRunner.java:340)
	at org.testng.SuiteRunner.run(SuiteRunner.java:289)
	at org.testng.SuiteRunnerWorker.runSuite(SuiteRunnerWorker.java:52)
	at org.testng.SuiteRunnerWorker.run(SuiteRunnerWorker.java:86)
	at org.testng.TestNG.runSuitesSequentially(TestNG.java:1301)
	at org.testng.TestNG.runSuitesLocally(TestNG.java:1226)
	at org.testng.TestNG.runSuites(TestNG.java:1144)
	at org.testng.TestNG.run(TestNG.java:1115)
	at org.apache.maven.surefire.testng.TestNGExecutor.run(TestNGExecutor.java:91)
	at org.apache.maven.surefire.testng.TestNGDirectoryTestSuite.executeMulti(TestNGDirectoryTestSuite.java:204)
	at org.apache.maven.surefire.testng.TestNGDirectoryTestSuite.execute(TestNGDirectoryTestSuite.java:107)
	at org.apache.maven.surefire.testng.TestNGProvider.invoke(TestNGProvider.java:113)
	at org.apache.maven.surefire.booter.ForkedBooter.invokeProviderInSameClassLoader(ForkedBooter.java:200)
	at org.apache.maven.surefire.booter.ForkedBooter.runSuitesInProcess(ForkedBooter.java:153)
	at org.apache.maven.surefire.booter.ForkedBooter.main(ForkedBooter.java:103)
]]>
            </full-stacktrace>
          </exception> <!-- java.lang.AssertionError -->
          <reporter-output>
          </reporter-output>
        </test-method> <!-- PlatformPagestartingTest -->
        <test-method status="PASS" signature="tearDown()[pri:0, instance:com.tofuGearPortal.qa.testcases.PlatformPageTest@7f9a81e8]" name="tearDown" is-config="true" duration-ms="214" started-at="2018-02-12T09:53:15Z" finished-at="2018-02-12T09:53:15Z">
          <reporter-output>
          </reporter-output>
        </test-method> <!-- tearDown -->
        <test-method status="PASS" signature="setup()[pri:0, instance:com.tofuGearPortal.qa.testcases.PlatformPageTest@7f9a81e8]" name="setup" is-config="true" duration-ms="6534" started-at="2018-02-12T09:53:15Z" finished-at="2018-02-12T09:53:21Z">
          <reporter-output>
          </reporter-output>
        </test-method> <!-- setup -->
        <test-method status="PASS" signature="contactenableTest()[pri:2, instance:com.tofuGearPortal.qa.testcases.PlatformPageTest@7f9a81e8]" name="contactenableTest" duration-ms="44" started-at="2018-02-12T09:53:21Z" finished-at="2018-02-12T09:53:21Z">
          <reporter-output>
          </reporter-output>
        </test-method> <!-- contactenableTest -->
        <test-method status="PASS" signature="tearDown()[pri:0, instance:com.tofuGearPortal.qa.testcases.PlatformPageTest@7f9a81e8]" name="tearDown" is-config="true" duration-ms="185" started-at="2018-02-12T09:53:21Z" finished-at="2018-02-12T09:53:22Z">
          <reporter-output>
          </reporter-output>
        </test-method> <!-- tearDown -->
      </class> <!-- com.tofuGearPortal.qa.testcases.PlatformPageTest -->
    </test> <!-- Command line test 6c5b618f-2254-4067-891c-b7cd81a67b2e -->
  </suite> <!-- com.tofuGearPortal.qa.testcases.PlatformPageTest -->
  <suite name="com.tofuGearPortal.qa.testcases.HomepageTest" duration-ms="122247" started-at="2018-02-12T01:51:06Z" finished-at="2018-02-12T01:53:08Z">
    <groups>
      <group name="solutionMenu">
        <method signature="HomepageTest.solunecommerceMenu()[pri:4, instance:com.tofuGearPortal.qa.testcases.HomepageTest@5dfcfece]" name="solunecommerceMenu" class="com.tofuGearPortal.qa.testcases.HomepageTest"/>
        <method signature="HomepageTest.solutionDigiMenu()[pri:3, instance:com.tofuGearPortal.qa.testcases.HomepageTest@5dfcfece]" name="solutionDigiMenu" class="com.tofuGearPortal.qa.testcases.HomepageTest"/>
      </group> <!-- solutionMenu -->
      <group name="Menu">
        <method signature="HomepageTest.AboutUsMenu()[pri:7, instance:com.tofuGearPortal.qa.testcases.HomepageTest@5dfcfece]" name="AboutUsMenu" class="com.tofuGearPortal.qa.testcases.HomepageTest"/>
        <method signature="HomepageTest.BlogMenu()[pri:5, instance:com.tofuGearPortal.qa.testcases.HomepageTest@5dfcfece]" name="BlogMenu" class="com.tofuGearPortal.qa.testcases.HomepageTest"/>
        <method signature="HomepageTest.CareerMenu()[pri:8, instance:com.tofuGearPortal.qa.testcases.HomepageTest@5dfcfece]" name="CareerMenu" class="com.tofuGearPortal.qa.testcases.HomepageTest"/>
        <method signature="HomepageTest.ContactMenu()[pri:9, instance:com.tofuGearPortal.qa.testcases.HomepageTest@5dfcfece]" name="ContactMenu" class="com.tofuGearPortal.qa.testcases.HomepageTest"/>
        <method signature="HomepageTest.platformMenu()[pri:6, instance:com.tofuGearPortal.qa.testcases.HomepageTest@5dfcfece]" name="platformMenu" class="com.tofuGearPortal.qa.testcases.HomepageTest"/>
      </group> <!-- Menu -->
      <group name="video">
        <method signature="HomepageTest.videovalidation()[pri:2, instance:com.tofuGearPortal.qa.testcases.HomepageTest@5dfcfece]" name="videovalidation" class="com.tofuGearPortal.qa.testcases.HomepageTest"/>
      </group> <!-- video -->
      <group name="Clientconcernlist">
        <method signature="HomepageTest.Customerofflineoptions()[pri:13, instance:com.tofuGearPortal.qa.testcases.HomepageTest@5dfcfece]" name="Customerofflineoptions" class="com.tofuGearPortal.qa.testcases.HomepageTest"/>
        <method signature="HomepageTest.ExpandingStoreOptions()[pri:15, instance:com.tofuGearPortal.qa.testcases.HomepageTest@5dfcfece]" name="ExpandingStoreOptions" class="com.tofuGearPortal.qa.testcases.HomepageTest"/>
        <method signature="HomepageTest.MaximizingInStoreeoptions()[pri:14, instance:com.tofuGearPortal.qa.testcases.HomepageTest@5dfcfece]" name="MaximizingInStoreeoptions" class="com.tofuGearPortal.qa.testcases.HomepageTest"/>
        <method signature="HomepageTest.digiTransformoptions()[pri:12, instance:com.tofuGearPortal.qa.testcases.HomepageTest@5dfcfece]" name="digiTransformoptions" class="com.tofuGearPortal.qa.testcases.HomepageTest"/>
      </group> <!-- Clientconcernlist -->
      <group name="asiaexpo">
        <method signature="HomepageTest.RetailAsiaExpoPage()[pri:10, instance:com.tofuGearPortal.qa.testcases.HomepageTest@5dfcfece]" name="RetailAsiaExpoPage" class="com.tofuGearPortal.qa.testcases.HomepageTest"/>
      </group> <!-- asiaexpo -->
      <group name="content">
        <method signature="HomepageTest.validateTopcontent()[pri:1, instance:com.tofuGearPortal.qa.testcases.HomepageTest@5dfcfece]" name="validateTopcontent" class="com.tofuGearPortal.qa.testcases.HomepageTest"/>
      </group> <!-- content -->
      <group name="Clientconcernoptions">
        <method signature="HomepageTest.ClientConcernSelectionoptions()[pri:11, instance:com.tofuGearPortal.qa.testcases.HomepageTest@5dfcfece]" name="ClientConcernSelectionoptions" class="com.tofuGearPortal.qa.testcases.HomepageTest"/>
      </group> <!-- Clientconcernoptions -->
    </groups>
    <test name="Command line test cedcab1b-6728-4e15-83fc-478f14ebcc0e" duration-ms="122247" started-at="2018-02-12T01:51:06Z" finished-at="2018-02-12T01:53:08Z">
      <class name="com.tofuGearPortal.qa.testcases.HomepageTest">
        <test-method status="PASS" signature="setup()[pri:0, instance:com.tofuGearPortal.qa.testcases.HomepageTest@5dfcfece]" name="setup" is-config="true" duration-ms="6432" started-at="2018-02-12T09:51:06Z" finished-at="2018-02-12T09:51:12Z">
          <reporter-output>
          </reporter-output>
        </test-method> <!-- setup -->
        <test-method status="PASS" signature="validateTopcontent()[pri:1, instance:com.tofuGearPortal.qa.testcases.HomepageTest@5dfcfece]" name="validateTopcontent" duration-ms="90" started-at="2018-02-12T09:51:12Z" finished-at="2018-02-12T09:51:12Z">
          <reporter-output>
          </reporter-output>
        </test-method> <!-- validateTopcontent -->
        <test-method status="PASS" signature="tearDown()[pri:0, instance:com.tofuGearPortal.qa.testcases.HomepageTest@5dfcfece]" name="tearDown" is-config="true" duration-ms="169" started-at="2018-02-12T09:51:12Z" finished-at="2018-02-12T09:51:12Z">
          <reporter-output>
          </reporter-output>
        </test-method> <!-- tearDown -->
        <test-method status="PASS" signature="setup()[pri:0, instance:com.tofuGearPortal.qa.testcases.HomepageTest@5dfcfece]" name="setup" is-config="true" duration-ms="4902" started-at="2018-02-12T09:51:12Z" finished-at="2018-02-12T09:51:17Z">
          <reporter-output>
          </reporter-output>
        </test-method> <!-- setup -->
        <test-method status="PASS" signature="videovalidation()[pri:2, instance:com.tofuGearPortal.qa.testcases.HomepageTest@5dfcfece]" name="videovalidation" duration-ms="10578" started-at="2018-02-12T09:51:17Z" finished-at="2018-02-12T09:51:28Z">
          <reporter-output>
          </reporter-output>
        </test-method> <!-- videovalidation -->
        <test-method status="PASS" signature="tearDown()[pri:0, instance:com.tofuGearPortal.qa.testcases.HomepageTest@5dfcfece]" name="tearDown" is-config="true" duration-ms="221" started-at="2018-02-12T09:51:28Z" finished-at="2018-02-12T09:51:28Z">
          <reporter-output>
          </reporter-output>
        </test-method> <!-- tearDown -->
        <test-method status="PASS" signature="setup()[pri:0, instance:com.tofuGearPortal.qa.testcases.HomepageTest@5dfcfece]" name="setup" is-config="true" duration-ms="5143" started-at="2018-02-12T09:51:28Z" finished-at="2018-02-12T09:51:33Z">
          <reporter-output>
          </reporter-output>
        </test-method> <!-- setup -->
        <test-method status="PASS" signature="solutionDigiMenu()[pri:3, instance:com.tofuGearPortal.qa.testcases.HomepageTest@5dfcfece]" name="solutionDigiMenu" duration-ms="4070" started-at="2018-02-12T09:51:33Z" finished-at="2018-02-12T09:51:37Z">
          <reporter-output>
          </reporter-output>
        </test-method> <!-- solutionDigiMenu -->
        <test-method status="PASS" signature="tearDown()[pri:0, instance:com.tofuGearPortal.qa.testcases.HomepageTest@5dfcfece]" name="tearDown" is-config="true" duration-ms="249" started-at="2018-02-12T09:51:37Z" finished-at="2018-02-12T09:51:38Z">
          <reporter-output>
          </reporter-output>
        </test-method> <!-- tearDown -->
        <test-method status="PASS" signature="setup()[pri:0, instance:com.tofuGearPortal.qa.testcases.HomepageTest@5dfcfece]" name="setup" is-config="true" duration-ms="5488" started-at="2018-02-12T09:51:38Z" finished-at="2018-02-12T09:51:43Z">
          <reporter-output>
          </reporter-output>
        </test-method> <!-- setup -->
        <test-method status="PASS" signature="solunecommerceMenu()[pri:4, instance:com.tofuGearPortal.qa.testcases.HomepageTest@5dfcfece]" name="solunecommerceMenu" duration-ms="4097" started-at="2018-02-12T09:51:43Z" finished-at="2018-02-12T09:51:47Z">
          <reporter-output>
          </reporter-output>
        </test-method> <!-- solunecommerceMenu -->
        <test-method status="PASS" signature="tearDown()[pri:0, instance:com.tofuGearPortal.qa.testcases.HomepageTest@5dfcfece]" name="tearDown" is-config="true" duration-ms="250" started-at="2018-02-12T09:51:47Z" finished-at="2018-02-12T09:51:47Z">
          <reporter-output>
          </reporter-output>
        </test-method> <!-- tearDown -->
        <test-method status="PASS" signature="setup()[pri:0, instance:com.tofuGearPortal.qa.testcases.HomepageTest@5dfcfece]" name="setup" is-config="true" duration-ms="4690" started-at="2018-02-12T09:51:47Z" finished-at="2018-02-12T09:51:52Z">
          <reporter-output>
          </reporter-output>
        </test-method> <!-- setup -->
        <test-method status="PASS" signature="BlogMenu()[pri:5, instance:com.tofuGearPortal.qa.testcases.HomepageTest@5dfcfece]" name="BlogMenu" duration-ms="1475" started-at="2018-02-12T09:51:52Z" finished-at="2018-02-12T09:51:54Z">
          <reporter-output>
          </reporter-output>
        </test-method> <!-- BlogMenu -->
        <test-method status="PASS" signature="tearDown()[pri:0, instance:com.tofuGearPortal.qa.testcases.HomepageTest@5dfcfece]" name="tearDown" is-config="true" duration-ms="152" started-at="2018-02-12T09:51:54Z" finished-at="2018-02-12T09:51:54Z">
          <reporter-output>
          </reporter-output>
        </test-method> <!-- tearDown -->
        <test-method status="PASS" signature="setup()[pri:0, instance:com.tofuGearPortal.qa.testcases.HomepageTest@5dfcfece]" name="setup" is-config="true" duration-ms="4945" started-at="2018-02-12T09:51:54Z" finished-at="2018-02-12T09:51:59Z">
          <reporter-output>
          </reporter-output>
        </test-method> <!-- setup -->
        <test-method status="PASS" signature="platformMenu()[pri:6, instance:com.tofuGearPortal.qa.testcases.HomepageTest@5dfcfece]" name="platformMenu" duration-ms="1673" started-at="2018-02-12T09:51:59Z" finished-at="2018-02-12T09:52:00Z">
          <reporter-output>
          </reporter-output>
        </test-method> <!-- platformMenu -->
        <test-method status="PASS" signature="tearDown()[pri:0, instance:com.tofuGearPortal.qa.testcases.HomepageTest@5dfcfece]" name="tearDown" is-config="true" duration-ms="171" started-at="2018-02-12T09:52:00Z" finished-at="2018-02-12T09:52:01Z">
          <reporter-output>
          </reporter-output>
        </test-method> <!-- tearDown -->
        <test-method status="PASS" signature="setup()[pri:0, instance:com.tofuGearPortal.qa.testcases.HomepageTest@5dfcfece]" name="setup" is-config="true" duration-ms="5420" started-at="2018-02-12T09:52:01Z" finished-at="2018-02-12T09:52:06Z">
          <reporter-output>
          </reporter-output>
        </test-method> <!-- setup -->
        <test-method status="PASS" signature="AboutUsMenu()[pri:7, instance:com.tofuGearPortal.qa.testcases.HomepageTest@5dfcfece]" name="AboutUsMenu" duration-ms="2053" started-at="2018-02-12T09:52:06Z" finished-at="2018-02-12T09:52:08Z">
          <reporter-output>
          </reporter-output>
        </test-method> <!-- AboutUsMenu -->
        <test-method status="PASS" signature="tearDown()[pri:0, instance:com.tofuGearPortal.qa.testcases.HomepageTest@5dfcfece]" name="tearDown" is-config="true" duration-ms="172" started-at="2018-02-12T09:52:08Z" finished-at="2018-02-12T09:52:08Z">
          <reporter-output>
          </reporter-output>
        </test-method> <!-- tearDown -->
        <test-method status="PASS" signature="setup()[pri:0, instance:com.tofuGearPortal.qa.testcases.HomepageTest@5dfcfece]" name="setup" is-config="true" duration-ms="4944" started-at="2018-02-12T09:52:08Z" finished-at="2018-02-12T09:52:13Z">
          <reporter-output>
          </reporter-output>
        </test-method> <!-- setup -->
        <test-method status="PASS" signature="CareerMenu()[pri:8, instance:com.tofuGearPortal.qa.testcases.HomepageTest@5dfcfece]" name="CareerMenu" duration-ms="1257" started-at="2018-02-12T09:52:13Z" finished-at="2018-02-12T09:52:14Z">
          <reporter-output>
          </reporter-output>
        </test-method> <!-- CareerMenu -->
        <test-method status="PASS" signature="tearDown()[pri:0, instance:com.tofuGearPortal.qa.testcases.HomepageTest@5dfcfece]" name="tearDown" is-config="true" duration-ms="152" started-at="2018-02-12T09:52:14Z" finished-at="2018-02-12T09:52:15Z">
          <reporter-output>
          </reporter-output>
        </test-method> <!-- tearDown -->
        <test-method status="PASS" signature="setup()[pri:0, instance:com.tofuGearPortal.qa.testcases.HomepageTest@5dfcfece]" name="setup" is-config="true" duration-ms="4631" started-at="2018-02-12T09:52:15Z" finished-at="2018-02-12T09:52:19Z">
          <reporter-output>
          </reporter-output>
        </test-method> <!-- setup -->
        <test-method status="PASS" signature="ContactMenu()[pri:9, instance:com.tofuGearPortal.qa.testcases.HomepageTest@5dfcfece]" name="ContactMenu" duration-ms="331" started-at="2018-02-12T09:52:19Z" finished-at="2018-02-12T09:52:19Z">
          <reporter-output>
          </reporter-output>
        </test-method> <!-- ContactMenu -->
        <test-method status="PASS" signature="tearDown()[pri:0, instance:com.tofuGearPortal.qa.testcases.HomepageTest@5dfcfece]" name="tearDown" is-config="true" duration-ms="170" started-at="2018-02-12T09:52:19Z" finished-at="2018-02-12T09:52:20Z">
          <reporter-output>
          </reporter-output>
        </test-method> <!-- tearDown -->
        <test-method status="PASS" signature="setup()[pri:0, instance:com.tofuGearPortal.qa.testcases.HomepageTest@5dfcfece]" name="setup" is-config="true" duration-ms="4991" started-at="2018-02-12T09:52:20Z" finished-at="2018-02-12T09:52:25Z">
          <reporter-output>
          </reporter-output>
        </test-method> <!-- setup -->
        <test-method status="PASS" signature="RetailAsiaExpoPage()[pri:10, instance:com.tofuGearPortal.qa.testcases.HomepageTest@5dfcfece]" name="RetailAsiaExpoPage" duration-ms="6010" started-at="2018-02-12T09:52:25Z" finished-at="2018-02-12T09:52:31Z">
          <reporter-output>
          </reporter-output>
        </test-method> <!-- RetailAsiaExpoPage -->
        <test-method status="PASS" signature="tearDown()[pri:0, instance:com.tofuGearPortal.qa.testcases.HomepageTest@5dfcfece]" name="tearDown" is-config="true" duration-ms="235" started-at="2018-02-12T09:52:31Z" finished-at="2018-02-12T09:52:31Z">
          <reporter-output>
          </reporter-output>
        </test-method> <!-- tearDown -->
        <test-method status="PASS" signature="setup()[pri:0, instance:com.tofuGearPortal.qa.testcases.HomepageTest@5dfcfece]" name="setup" is-config="true" duration-ms="4900" started-at="2018-02-12T09:52:31Z" finished-at="2018-02-12T09:52:36Z">
          <reporter-output>
          </reporter-output>
        </test-method> <!-- setup -->
        <test-method status="PASS" signature="ClientConcernSelectionoptions()[pri:11, instance:com.tofuGearPortal.qa.testcases.HomepageTest@5dfcfece]" name="ClientConcernSelectionoptions" duration-ms="174" started-at="2018-02-12T09:52:36Z" finished-at="2018-02-12T09:52:36Z">
          <reporter-output>
          </reporter-output>
        </test-method> <!-- ClientConcernSelectionoptions -->
        <test-method status="PASS" signature="tearDown()[pri:0, instance:com.tofuGearPortal.qa.testcases.HomepageTest@5dfcfece]" name="tearDown" is-config="true" duration-ms="161" started-at="2018-02-12T09:52:36Z" finished-at="2018-02-12T09:52:36Z">
          <reporter-output>
          </reporter-output>
        </test-method> <!-- tearDown -->
        <test-method status="PASS" signature="setup()[pri:0, instance:com.tofuGearPortal.qa.testcases.HomepageTest@5dfcfece]" name="setup" is-config="true" duration-ms="4956" started-at="2018-02-12T09:52:36Z" finished-at="2018-02-12T09:52:41Z">
          <reporter-output>
          </reporter-output>
        </test-method> <!-- setup -->
        <test-method status="PASS" signature="digiTransformoptions()[pri:12, instance:com.tofuGearPortal.qa.testcases.HomepageTest@5dfcfece]" name="digiTransformoptions" duration-ms="2290" started-at="2018-02-12T09:52:41Z" finished-at="2018-02-12T09:52:43Z">
          <reporter-output>
          </reporter-output>
        </test-method> <!-- digiTransformoptions -->
        <test-method status="PASS" signature="tearDown()[pri:0, instance:com.tofuGearPortal.qa.testcases.HomepageTest@5dfcfece]" name="tearDown" is-config="true" duration-ms="220" started-at="2018-02-12T09:52:43Z" finished-at="2018-02-12T09:52:44Z">
          <reporter-output>
          </reporter-output>
        </test-method> <!-- tearDown -->
        <test-method status="PASS" signature="setup()[pri:0, instance:com.tofuGearPortal.qa.testcases.HomepageTest@5dfcfece]" name="setup" is-config="true" duration-ms="4662" started-at="2018-02-12T09:52:44Z" finished-at="2018-02-12T09:52:48Z">
          <reporter-output>
          </reporter-output>
        </test-method> <!-- setup -->
        <test-method status="PASS" signature="Customerofflineoptions()[pri:13, instance:com.tofuGearPortal.qa.testcases.HomepageTest@5dfcfece]" name="Customerofflineoptions" duration-ms="2701" started-at="2018-02-12T09:52:48Z" finished-at="2018-02-12T09:52:51Z">
          <reporter-output>
          </reporter-output>
        </test-method> <!-- Customerofflineoptions -->
        <test-method status="PASS" signature="tearDown()[pri:0, instance:com.tofuGearPortal.qa.testcases.HomepageTest@5dfcfece]" name="tearDown" is-config="true" duration-ms="190" started-at="2018-02-12T09:52:51Z" finished-at="2018-02-12T09:52:51Z">
          <reporter-output>
          </reporter-output>
        </test-method> <!-- tearDown -->
        <test-method status="PASS" signature="setup()[pri:0, instance:com.tofuGearPortal.qa.testcases.HomepageTest@5dfcfece]" name="setup" is-config="true" duration-ms="5586" started-at="2018-02-12T09:52:51Z" finished-at="2018-02-12T09:52:57Z">
          <reporter-output>
          </reporter-output>
        </test-method> <!-- setup -->
        <test-method status="PASS" signature="MaximizingInStoreeoptions()[pri:14, instance:com.tofuGearPortal.qa.testcases.HomepageTest@5dfcfece]" name="MaximizingInStoreeoptions" duration-ms="2545" started-at="2018-02-12T09:52:57Z" finished-at="2018-02-12T09:52:59Z">
          <reporter-output>
          </reporter-output>
        </test-method> <!-- MaximizingInStoreeoptions -->
        <test-method status="PASS" signature="tearDown()[pri:0, instance:com.tofuGearPortal.qa.testcases.HomepageTest@5dfcfece]" name="tearDown" is-config="true" duration-ms="205" started-at="2018-02-12T09:52:59Z" finished-at="2018-02-12T09:52:59Z">
          <reporter-output>
          </reporter-output>
        </test-method> <!-- tearDown -->
        <test-method status="PASS" signature="setup()[pri:0, instance:com.tofuGearPortal.qa.testcases.HomepageTest@5dfcfece]" name="setup" is-config="true" duration-ms="5571" started-at="2018-02-12T09:52:59Z" finished-at="2018-02-12T09:53:05Z">
          <reporter-output>
          </reporter-output>
        </test-method> <!-- setup -->
        <test-method status="PASS" signature="ExpandingStoreOptions()[pri:15, instance:com.tofuGearPortal.qa.testcases.HomepageTest@5dfcfece]" name="ExpandingStoreOptions" duration-ms="2671" started-at="2018-02-12T09:53:05Z" finished-at="2018-02-12T09:53:08Z">
          <reporter-output>
          </reporter-output>
        </test-method> <!-- ExpandingStoreOptions -->
        <test-method status="PASS" signature="tearDown()[pri:0, instance:com.tofuGearPortal.qa.testcases.HomepageTest@5dfcfece]" name="tearDown" is-config="true" duration-ms="237" started-at="2018-02-12T09:53:08Z" finished-at="2018-02-12T09:53:08Z">
          <reporter-output>
          </reporter-output>
        </test-method> <!-- tearDown -->
      </class> <!-- com.tofuGearPortal.qa.testcases.HomepageTest -->
    </test> <!-- Command line test cedcab1b-6728-4e15-83fc-478f14ebcc0e -->
  </suite> <!-- com.tofuGearPortal.qa.testcases.HomepageTest -->
</testng-results>
